<?xml version="1.0" encoding="UTF-8"?>
<!-- Generated by org.testng.reporters.JUnitReportReporter -->
<testsuite hostname="DESKTOP-HEM8FQG" failures="0" tests="1" name="PracticeProblems.TestNG" time="0.019" errors="0" timestamp="2023-03-08T13:04:07 IST" skipped="0">
  <testcase classname="PracticeProblems.TestNG" name="test123" time="0.019"/>
  <system-out/>
</testsuite> <!-- PracticeProblems.TestNG -->
